<?xml version="1.0" encoding="UTF-8"?>
<!-- Generated by org.testng.reporters.JUnitReportReporter -->
<testsuite hostname="IRV000255" name="com.loggerdemo.test.LoggerDemoTest2" tests="1" failures="0" timestamp="2 Dec 2015 19:43:55 GMT" time="0.002" errors="0">
  <testcase name="main2" time="0.002" classname="com.loggerdemo.test.LoggerDemoTest2"/>
</testsuite> <!-- com.loggerdemo.test.LoggerDemoTest2 -->
